<?xml version="1.0" encoding="UTF-8"?>
<testsuite name="net.developz.classroom.backend.ModulithArchitectureTest" tests="1" skipped="0" failures="0" errors="0" timestamp="2026-04-12T06:09:41.909Z" hostname="ROG" time="3.255">
  <properties/>
  <testcase name="verifiesModularStructure()" classname="net.developz.classroom.backend.ModulithArchitectureTest" time="3.255"/>
  <system-out><![CDATA[2026-04-12T00:09:41.994-06:00  INFO 16304 --- [    Test worker] com.tngtech.archunit.core.PluginLoader   : Detected Java version 21
]]></system-out>
  <system-err><![CDATA[]]></system-err>
</testsuite>
