<?xml version="1.0" encoding="UTF-8"?>
<testsuite name="net.developz.classroom.backend.BackendApplicationTests" tests="1" skipped="0" failures="0" errors="0" timestamp="2026-04-16T02:24:15.269Z" hostname="ROG" time="17.547">
  <properties/>
  <testcase name="contextLoads()" classname="net.developz.classroom.backend.BackendApplicationTests" time="0.693"/>
  <system-out><![CDATA[20:24:15.651 [Test worker] INFO org.springframework.test.context.support.AnnotationConfigContextLoaderUtils -- Could not detect default configuration classes for test class [net.developz.classroom.backend.BackendApplicationTests]: BackendApplicationTests does not declare any static, non-private, non-final, nested classes annotated with @Configuration.
20:24:16.002 [Test worker] INFO org.springframework.boot.test.context.SpringBootTestContextBootstrapper -- Found @SpringBootConfiguration net.developz.classroom.backend.BackendApplication for test class net.developz.classroom.backend.BackendApplicationTests

  .   ____          _            __ _ _
 /\\ / ___'_ __ _ _(_)_ __  __ _ \ \ \ \
( ( )\___ | '_ | '_| | '_ \/ _` | \ \ \ \
 \\/  ___)| |_)| | | | | || (_| |  ) ) ) )
  '  |____| .__|_| |_|_| |_\__, | / / / /
 =========|_|==============|___/=/_/_/_/

 :: Spring Boot ::               (v3.5.13)

2026-04-15T20:24:17.172-06:00  INFO 10928 --- [    Test worker] n.d.c.backend.BackendApplicationTests    : Starting BackendApplicationTests using Java 21 with PID 10928 (started by mlope in C:\Users\mlope\development\backend)
2026-04-15T20:24:17.177-06:00  INFO 10928 --- [    Test worker] n.d.c.backend.BackendApplicationTests    : The following 1 profile is active: "test"
2026-04-15T20:24:19.554-06:00  INFO 10928 --- [    Test worker] .s.d.r.c.RepositoryConfigurationDelegate : Bootstrapping Spring Data JPA repositories in DEFAULT mode.
2026-04-15T20:24:19.853-06:00  INFO 10928 --- [    Test worker] .s.d.r.c.RepositoryConfigurationDelegate : Finished Spring Data repository scanning in 265 ms. Found 13 JPA repository interfaces.
2026-04-15T20:24:22.248-06:00  INFO 10928 --- [    Test worker] o.hibernate.jpa.internal.util.LogHelper  : HHH000204: Processing PersistenceUnitInfo [name: default]
2026-04-15T20:24:22.470-06:00  INFO 10928 --- [    Test worker] org.hibernate.Version                    : HHH000412: Hibernate ORM core version 6.6.45.Final
2026-04-15T20:24:22.589-06:00  INFO 10928 --- [    Test worker] o.h.c.internal.RegionFactoryInitiator    : HHH000026: Second-level cache disabled
2026-04-15T20:24:23.200-06:00  INFO 10928 --- [    Test worker] o.s.o.j.p.SpringPersistenceUnitInfo      : No LoadTimeWeaver setup: ignoring JPA class transformer
2026-04-15T20:24:23.254-06:00  INFO 10928 --- [    Test worker] com.zaxxer.hikari.HikariDataSource       : HikariPool-1 - Starting...
2026-04-15T20:24:23.444-06:00  INFO 10928 --- [    Test worker] com.zaxxer.hikari.pool.HikariPool        : HikariPool-1 - Added connection org.sqlite.jdbc4.JDBC4Connection@2a4cb8ae
2026-04-15T20:24:23.444-06:00  INFO 10928 --- [    Test worker] com.zaxxer.hikari.HikariDataSource       : HikariPool-1 - Start completed.
2026-04-15T20:24:23.504-06:00  INFO 10928 --- [    Test worker] org.hibernate.orm.connections.pooling    : HHH10001005: Database info:
	Database JDBC URL [Connecting through datasource 'HikariDataSource (HikariPool-1)']
	Database driver: undefined/unknown
	Database version: 3.45.2
	Autocommit mode: undefined/unknown
	Isolation level: undefined/unknown
	Minimum pool size: undefined/unknown
	Maximum pool size: undefined/unknown
2026-04-15T20:24:25.927-06:00  INFO 10928 --- [    Test worker] o.h.e.t.j.p.i.JtaPlatformInitiator       : HHH000489: No JTA platform available (set 'hibernate.transaction.jta.platform' to enable JTA platform integration)
Hibernate: 
    drop table if exists administrator
Hibernate: 
    drop table if exists advisory
Hibernate: 
    drop table if exists attempt_answer
Hibernate: 
    drop table if exists course
Hibernate: 
    drop table if exists course_schedule
Hibernate: 
    drop table if exists day
Hibernate: 
    drop table if exists enrollment
Hibernate: 
    drop table if exists event_publication
Hibernate: 
    drop table if exists exam
Hibernate: 
    drop table if exists exam_attempt
Hibernate: 
    drop table if exists group_entity
Hibernate: 
    drop table if exists matching_pair
Hibernate: 
    drop table if exists period
Hibernate: 
    drop table if exists permissions
Hibernate: 
    drop table if exists person
Hibernate: 
    drop table if exists person_permission
Hibernate: 
    drop table if exists person_role
Hibernate: 
    drop table if exists question
Hibernate: 
    drop table if exists question_option
Hibernate: 
    drop table if exists resource
Hibernate: 
    drop table if exists role
Hibernate: 
    drop table if exists role_permission
Hibernate: 
    drop table if exists student
Hibernate: 
    drop table if exists subject
Hibernate: 
    drop table if exists teacher
Hibernate: 
    create table administrator (
        deleted boolean not null,
        employee_number integer,
        created_at timestamp,
        updated_at timestamp,
        administrator_id varchar(26) not null,
        person_id varchar(26) unique,
        created_by varchar(50),
        updated_by varchar(50),
        primary key (administrator_id)
    )
Hibernate: 
    create table advisory (
        date date,
        deleted boolean not null,
        time time(6),
        created_at timestamp,
        updated_at timestamp,
        status varchar(20) check (status in ('SCHEDULED','COMPLETED','NO_SHOW')),
        advisory_id varchar(26) not null,
        enrollment_id varchar(26),
        created_by varchar(50),
        updated_by varchar(50),
        primary key (advisory_id)
    )
Hibernate: 
    create table attempt_answer (
        deleted boolean not null,
        response_value boolean,
        score numeric(5,2),
        created_at timestamp,
        updated_at timestamp,
        answer_id varchar(26) not null,
        attempt_id varchar(26) not null,
        question_id varchar(26) not null,
        selected_option_id varchar(26),
        answer_type varchar(31) not null,
        created_by varchar(50),
        updated_by varchar(50),
        response_text varchar(2000),
        selected_pairs jsonb,
        primary key (answer_id)
    )
Hibernate: 
    create table course (
        deleted boolean not null,
        created_at timestamp,
        updated_at timestamp,
        status varchar(20) check (status in ('DRAFT','OPEN','IN_PROGRESS','COMPLETED','CANCELED')),
        course_id varchar(26) not null,
        group_id varchar(26),
        period_id varchar(26),
        subject_id varchar(26),
        teacher_id varchar(26),
        course_code varchar(50),
        created_by varchar(50),
        updated_by varchar(50),
        primary key (course_id)
    )
Hibernate: 
    create table course_schedule (
        deleted boolean not null,
        end_time time(6),
        start_time time(6),
        created_at timestamp,
        updated_at timestamp,
        course_id varchar(26),
        course_schedule_id varchar(26) not null,
        day_id varchar(26),
        created_by varchar(50),
        updated_by varchar(50),
        primary key (course_schedule_id)
    )
Hibernate: 
    create table day (
        deleted boolean not null,
        created_at timestamp,
        updated_at timestamp,
        day_name varchar(10),
        day_id varchar(26) not null,
        created_by varchar(50),
        updated_by varchar(50),
        primary key (day_id)
    )
Hibernate: 
    create table enrollment (
        deleted boolean not null,
        grade numeric(5,2),
        created_at timestamp,
        updated_at timestamp,
        course_id varchar(26),
        enrollment_id varchar(26) not null,
        student_id varchar(26),
        created_by varchar(50),
        updated_by varchar(50),
        primary key (enrollment_id)
    )
Hibernate: 
    create table event_publication (
        completion_date timestamp,
        publication_date timestamp,
        event_type varchar(255),
        id blob not null,
        listener_id varchar(255),
        serialized_event varchar(255),
        primary key (id)
    )
Hibernate: 
    create table exam (
        deleted boolean not null,
        created_at timestamp,
        updated_at timestamp,
        exam_id varchar(26) not null,
        subject_id varchar(26) not null,
        created_by varchar(50),
        updated_by varchar(50),
        title varchar(100) not null,
        description varchar(500),
        primary key (exam_id)
    )
Hibernate: 
    create table exam_attempt (
        deleted boolean not null,
        score numeric(5,2),
        created_at timestamp,
        finished_at timestamp,
        started_at timestamp,
        updated_at timestamp,
        status varchar(20) not null check (status in ('STARTED','IN_PROGRESS','SUBMITTED','GRADED')),
        attempt_id varchar(26) not null,
        enrollment_id varchar(26) not null,
        exam_id varchar(26) not null,
        created_by varchar(50),
        updated_by varchar(50),
        primary key (attempt_id)
    )
Hibernate: 
    create table group_entity (
        deleted boolean not null,
        group_code varchar(5) unique,
        created_at timestamp,
        updated_at timestamp,
        group_id varchar(26) not null,
        created_by varchar(50),
        updated_by varchar(50),
        primary key (group_id)
    )
Hibernate: 
    create table matching_pair (
        deleted boolean not null,
        created_at timestamp,
        updated_at timestamp,
        pair_id varchar(26) not null,
        question_id varchar(26) not null,
        created_by varchar(50),
        updated_by varchar(50),
        left_side varchar(500) not null,
        right_side varchar(500) not null,
        primary key (pair_id)
    )
Hibernate: 
    create table period (
        deleted boolean not null,
        end_date date,
        start_date date,
        created_at timestamp,
        updated_at timestamp,
        period_code varchar(10) unique,
        period_id varchar(26) not null,
        created_by varchar(50),
        updated_by varchar(50),
        primary key (period_id)
    )
Hibernate: 
    create table permissions (
        deleted boolean not null,
        created_at timestamp,
        updated_at timestamp,
        permission_id varchar(26) not null,
        created_by varchar(50),
        updated_by varchar(50),
        permission_name varchar(100) not null unique,
        description varchar(255),
        primary key (permission_id)
    )
Hibernate: 
    create table person (
        birth_date date,
        deleted boolean not null,
        created_at timestamp,
        updated_at timestamp,
        government_id varchar(18) unique,
        default_role varchar(26),
        person_id varchar(26) not null,
        created_by varchar(50),
        email varchar(50) unique,
        first_name varchar(50),
        last_name varchar(50),
        middle_name varchar(50),
        password varchar(50),
        updated_by varchar(50),
        primary key (person_id)
    )
Hibernate: 
    create table person_permission (
        active boolean not null,
        deleted boolean not null,
        created_at timestamp,
        updated_at timestamp,
        permission_id varchar(26) not null,
        person_id varchar(26) not null,
        person_permission_id varchar(26) not null,
        created_by varchar(50),
        updated_by varchar(50),
        notes varchar(255),
        primary key (person_permission_id)
    )
Hibernate: 
    create table person_role (
        active boolean,
        deleted boolean not null,
        created_at timestamp,
        updated_at timestamp,
        person_id varchar(26),
        person_role_id varchar(26) not null,
        role_id varchar(26),
        created_by varchar(50),
        updated_by varchar(50),
        primary key (person_role_id)
    )
Hibernate: 
    create table question (
        correct_answer boolean,
        deleted boolean not null,
        order_index integer,
        points float,
        created_at timestamp,
        updated_at timestamp,
        exam_id varchar(26) not null,
        question_id varchar(26) not null,
        question_type varchar(31) not null,
        created_by varchar(50),
        updated_by varchar(50),
        text varchar(1000) not null,
        primary key (question_id)
    )
Hibernate: 
    create table question_option (
        deleted boolean not null,
        is_correct boolean not null,
        created_at timestamp,
        updated_at timestamp,
        option_id varchar(26) not null,
        question_id varchar(26) not null,
        created_by varchar(50),
        updated_by varchar(50),
        text varchar(500) not null,
        primary key (option_id)
    )
Hibernate: 
    create table resource (
        deleted boolean not null,
        created_at timestamp,
        updated_at timestamp,
        resource_type varchar(20) not null check (resource_type in ('PDF','VIDEO','IMAGE','DOCUMENT','LINK','OTHER')),
        resource_id varchar(26) not null,
        subject_id varchar(26) not null,
        created_by varchar(50),
        updated_by varchar(50),
        title varchar(100) not null,
        content_url varchar(500) not null,
        primary key (resource_id)
    )
Hibernate: 
    create table role (
        deleted boolean not null,
        created_at timestamp,
        updated_at timestamp,
        role_id varchar(26) not null,
        created_by varchar(50),
        role_name varchar(50) unique,
        updated_by varchar(50),
        primary key (role_id)
    )
Hibernate: 
    create table role_permission (
        permission_id varchar(26) not null,
        role_id varchar(26) not null,
        primary key (permission_id, role_id)
    )
Hibernate: 
    create table student (
        deleted boolean not null,
        student_code integer unique,
        created_at timestamp,
        updated_at timestamp,
        person_id varchar(26) unique,
        student_id varchar(26) not null,
        created_by varchar(50),
        updated_by varchar(50),
        primary key (student_id)
    )
Hibernate: 
    create table subject (
        deleted boolean not null,
        nivel integer,
        created_at timestamp,
        updated_at timestamp,
        subject_code varchar(10) unique,
        subject_id varchar(26) not null,
        created_by varchar(50),
        updated_by varchar(50),
        subject_names jsonb,
        primary key (subject_id)
    )
Hibernate: 
    create table teacher (
        deleted boolean not null,
        employee_number integer,
        created_at timestamp,
        updated_at timestamp,
        person_id varchar(26) unique,
        teacher_id varchar(26) not null,
        created_by varchar(50),
        updated_by varchar(50),
        primary key (teacher_id)
    )
Hibernate: 
    create index idx_course_code 
       on course (course_code)
Hibernate: 
    create index idx_enrollment_student_course 
       on enrollment (student_id, course_id)
2026-04-15T20:24:26.259-06:00  INFO 10928 --- [    Test worker] j.LocalContainerEntityManagerFactoryBean : Initialized JPA EntityManagerFactory for persistence unit 'default'
2026-04-15T20:24:27.515-06:00  INFO 10928 --- [    Test worker] eAuthenticationProviderManagerConfigurer : Global AuthenticationManager configured with AuthenticationProvider bean with name authenticationProvider
2026-04-15T20:24:27.515-06:00  WARN 10928 --- [    Test worker] r$InitializeUserDetailsManagerConfigurer : Global AuthenticationManager configured with an AuthenticationProvider bean. UserDetailsService beans will not be used by Spring Security for automatically configuring username/password login. Consider removing the AuthenticationProvider bean. Alternatively, consider using the UserDetailsService in a manually instantiated DaoAuthenticationProvider. If the current configuration is intentional, to turn off this warning, increase the logging level of 'org.springframework.security.config.annotation.authentication.configuration.InitializeUserDetailsBeanManagerConfigurer' to ERROR
2026-04-15T20:24:28.115-06:00  WARN 10928 --- [    Test worker] JpaBaseConfiguration$JpaWebConfiguration : spring.jpa.open-in-view is enabled by default. Therefore, database queries may be performed during view rendering. Explicitly configure spring.jpa.open-in-view to disable this warning
2026-04-15T20:24:30.561-06:00  INFO 10928 --- [    Test worker] o.s.v.b.OptionalValidatorFactoryBean     : Failed to set up a Bean Validation provider: jakarta.validation.NoProviderFoundException: Unable to create a Configuration, because no Jakarta Bean Validation provider could be found. Add a provider like Hibernate Validator (RI) to your classpath.
2026-04-15T20:24:32.071-06:00  INFO 10928 --- [    Test worker] o.s.s.config.TaskSchedulerRouter         : No TaskScheduler/ScheduledExecutorService bean found for scheduled processing
2026-04-15T20:24:32.088-06:00  INFO 10928 --- [    Test worker] n.d.c.backend.BackendApplicationTests    : Started BackendApplicationTests in 15.732 seconds (process running for 18.602)
]]></system-out>
  <system-err><![CDATA[Mockito is currently self-attaching to enable the inline-mock-maker. This will no longer work in future releases of the JDK. Please add Mockito as an agent to your build as described in Mockito's documentation: https://javadoc.io/doc/org.mockito/mockito-core/latest/org.mockito/org/mockito/Mockito.html#0.3
WARNING: A Java agent has been loaded dynamically (C:\Users\mlope\.gradle\caches\modules-2\files-2.1\net.bytebuddy\byte-buddy-agent\1.17.8\f09415827a71be7ed621c7bd02550678f28bc81c\byte-buddy-agent-1.17.8.jar)
WARNING: If a serviceability tool is in use, please run with -XX:+EnableDynamicAgentLoading to hide this warning
WARNING: If a serviceability tool is not in use, please run with -Djdk.instrument.traceUsage for more information
WARNING: Dynamic loading of agents will be disallowed by default in a future release
]]></system-err>
</testsuite>
